<?xml version="1.0" encoding="UTF-8"?>
<!-- Generated by org.testng.reporters.JUnitReportReporter -->
<testsuite hostname="DESKTOP-KIJ24K1" failures="0" tests="6" name="apiTestPackage.ApiTests" time="8.733" errors="0" timestamp="2023-09-18T13:10:13 IST" skipped="0">
  <testcase classname="apiTestPackage.ApiTests" name="testRegistration" time="4.988"/>
  <testcase classname="apiTestPackage.ApiTests" name="testLogin" time="0.630"/>
  <testcase classname="apiTestPackage.ApiTests" name="testGetUsers" time="1.154"/>
  <testcase classname="apiTestPackage.ApiTests" name="testGetUserDetails" time="0.428"/>
  <testcase classname="apiTestPackage.ApiTests" name="testUpdateUserDetails" time="0.874"/>
  <testcase classname="apiTestPackage.ApiTests" name="testDeleteUserDetails" time="0.659"/>
</testsuite> <!-- apiTestPackage.ApiTests -->
